<?xml version="1.0" encoding="UTF-8"?>
<!-- Generated by org.testng.reporters.JUnitReportReporter -->
<testsuite hostname="chenxjMacBook-Pro.local" name="com.javacodegeeks.testng.maven.testngMaven.TestNgMavenExampleTest" tests="1" failures="0" timestamp="1 Jun 2017 09:40:41 GMT" time="0.008" errors="0">
  <testcase name="exampleOfTestNgMaven" time="0.008" classname="com.javacodegeeks.testng.maven.testngMaven.TestNgMavenExampleTest"/>
</testsuite> <!-- com.javacodegeeks.testng.maven.testngMaven.TestNgMavenExampleTest -->
